#
# There is insufficient memory for the Java Runtime Environment to continue.
# Native memory allocation (mmap) failed to map 2097152 bytes. Error detail: G1 virtual space
# Possible reasons:
#   The system is out of physical RAM or swap space
#   This process is running with CompressedOops enabled, and the Java Heap may be blocking the growth of the native heap
# Possible solutions:
#   Reduce memory load on the system
#   Increase physical memory or swap space
#   Check if swap backing store is full
#   Decrease Java heap size (-Xmx/-Xms)
#   Decrease number of Java threads
#   Decrease Java thread stack sizes (-Xss)
#   Set larger code cache with -XX:ReservedCodeCacheSize=
#   JVM is running with Unscaled Compressed Oops mode in which the Java heap is
#     placed in the first 4GB address space. The Java Heap base address is the
#     maximum limit for the native heap growth. Please use -XX:HeapBaseMinAddress
#     to set the Java Heap base and to place the Java Heap above 4GB virtual address.
# This output file may be truncated or incomplete.
#
#  Out of Memory Error (os_windows.cpp:3618), pid=6716, tid=4928
#
# JRE version:  (17.0.14+7) (build )
# Java VM: OpenJDK 64-Bit Server VM (17.0.14+7, mixed mode, emulated-client, sharing, tiered, compressed oops, compressed class ptrs, g1 gc, windows-amd64)
# No core dump will be written. Minidumps are not enabled by default on client versions of Windows
#

---------------  S U M M A R Y ------------

Command Line: -XX:TieredStopAtLevel=1 com.ganepalmira.pruebas.PruebaBackApplication

Host: Intel(R) Core(TM) i3-3217U CPU @ 1.80GHz, 4 cores, 7G,  Windows 10 , 64 bit Build 19041 (10.0.19041.928)
Time: Thu Apr 24 11:39:54 2025 Hora est. Pacífico, Sudamérica elapsed time: 0.035102 seconds (0d 0h 0m 0s)

---------------  T H R E A D  ---------------

Current thread (0x0000022eedd10330):  JavaThread "Unknown thread" [_thread_in_vm, id=4928, stack(0x000000673c600000,0x000000673c700000)]

Stack: [0x000000673c600000,0x000000673c700000]
Native frames: (J=compiled Java code, j=interpreted, Vv=VM code, C=native code)
V  [jvm.dll+0x682eb9]
V  [jvm.dll+0x8399c8]
V  [jvm.dll+0x83b473]
V  [jvm.dll+0x83bae3]
V  [jvm.dll+0x24715f]
V  [jvm.dll+0x67fc99]
V  [jvm.dll+0x674b8a]
V  [jvm.dll+0x304c06]
V  [jvm.dll+0x30c0c6]
V  [jvm.dll+0x35dc68]
V  [jvm.dll+0x35de7d]
V  [jvm.dll+0x2dbfcc]
V  [jvm.dll+0x2dcee4]
V  [jvm.dll+0x80b8db]
V  [jvm.dll+0x36b671]
V  [jvm.dll+0x7ea2cf]
V  [jvm.dll+0x3f226f]
V  [jvm.dll+0x3f3da1]
C  [jli.dll+0x5278]
C  [ucrtbase.dll+0x21bb2]
C  [KERNEL32.DLL+0x17034]
C  [ntdll.dll+0x52651]


---------------  P R O C E S S  ---------------

Threads class SMR info:
_java_thread_list=0x00007ff9b8487f58, length=0, elements={
}

Java Threads: ( => current thread )

Other Threads:
  0x0000022eedd6c850 GCTaskThread "GC Thread#0" [stack: 0x000000673c700000,0x000000673c800000] [id=8344]
  0x0000022eedd7d4a0 ConcurrentGCThread "G1 Main Marker" [stack: 0x000000673c800000,0x000000673c900000] [id=7996]
  0x0000022eedd7e660 ConcurrentGCThread "G1 Conc#0" [stack: 0x000000673c900000,0x000000673ca00000] [id=9208]

[error occurred during error reporting (printing all threads), id 0xc0000005, EXCEPTION_ACCESS_VIOLATION (0xc0000005) at pc=0x00007ff9b7c3caf7]

VM state: not at safepoint (not fully initialized)

VM Mutex/Monitor currently owned by a thread:  ([mutex/lock_event])
[0x0000022eedd0bbe0] Heap_lock - owner thread: 0x0000022eedd10330

Heap address: 0x0000000081800000, size: 2024 MB, Compressed Oops mode: 32-bit

CDS archive(s) mapped at: [0x0000000000000000-0x0000000000000000-0x0000000000000000), size 0, SharedBaseAddress: 0x0000000800000000, ArchiveRelocationMode: 1.
Narrow klass base: 0x0000000000000000, Narrow klass shift: 0, Narrow klass range: 0x0

GC Precious Log:
<Empty>

Heap:
 garbage-first heap   total 0K, used 0K [0x0000000081800000, 0x0000000100000000)
  region size 1024K, 0 young (0K), 0 survivors (0K)

[error occurred during error reporting (printing heap information), id 0xc0000005, EXCEPTION_ACCESS_VIOLATION (0xc0000005) at pc=0x00007ff9b802c619]

GC Heap History (0 events):
No events

Dll operation events (1 events):
Event: 0.015 Loaded shared library C:\Program Files\Eclipse Adoptium\jdk-17.0.14.7-hotspot\bin\java.dll

Deoptimization events (0 events):
No events

Classes loaded (0 events):
No events

Classes unloaded (0 events):
No events

Classes redefined (0 events):
No events

Internal exceptions (0 events):
No events

VM Operations (0 events):
No events

Memory protections (0 events):
No events

Nmethod flushes (0 events):
No events

Events (0 events):
No events


Dynamic libraries:
0x00007ff7b3780000 - 0x00007ff7b378e000 	C:\Program Files\Eclipse Adoptium\jdk-17.0.14.7-hotspot\bin\java.exe
0x00007ff9f9c90000 - 0x00007ff9f9e85000 	C:\Windows\SYSTEM32\ntdll.dll
0x00007ff9f8ad0000 - 0x00007ff9f8b8d000 	C:\Windows\System32\KERNEL32.DLL
0x00007ff9f74e0000 - 0x00007ff9f77a8000 	C:\Windows\System32\KERNELBASE.dll
0x00007ff9f79a0000 - 0x00007ff9f7aa0000 	C:\Windows\System32\ucrtbase.dll
0x00007ff9e5740000 - 0x00007ff9e575e000 	C:\Program Files\Eclipse Adoptium\jdk-17.0.14.7-hotspot\bin\VCRUNTIME140.dll
0x00007ff9e57d0000 - 0x00007ff9e57e7000 	C:\Program Files\Eclipse Adoptium\jdk-17.0.14.7-hotspot\bin\jli.dll
0x00007ff9f8930000 - 0x00007ff9f8ad0000 	C:\Windows\System32\USER32.dll
0x00007ff9f7ba0000 - 0x00007ff9f7bc2000 	C:\Windows\System32\win32u.dll
0x00007ff9e9670000 - 0x00007ff9e990a000 	C:\Windows\WinSxS\amd64_microsoft.windows.common-controls_6595b64144ccf1df_6.0.19041.844_none_ca00b6081b84eb1d\COMCTL32.dll
0x00007ff9f7f90000 - 0x00007ff9f7fba000 	C:\Windows\System32\GDI32.dll
0x00007ff9f7ee0000 - 0x00007ff9f7f7e000 	C:\Windows\System32\msvcrt.dll
0x00007ff9f7890000 - 0x00007ff9f799b000 	C:\Windows\System32\gdi32full.dll
0x00007ff9f7b00000 - 0x00007ff9f7b9d000 	C:\Windows\System32\msvcp_win.dll
0x00007ff9f97f0000 - 0x00007ff9f9820000 	C:\Windows\System32\IMM32.DLL
0x00007ff9e5830000 - 0x00007ff9e583c000 	C:\Program Files\Eclipse Adoptium\jdk-17.0.14.7-hotspot\bin\vcruntime140_1.dll
0x00007ff9cdaa0000 - 0x00007ff9cdb2d000 	C:\Program Files\Eclipse Adoptium\jdk-17.0.14.7-hotspot\bin\msvcp140.dll
0x00007ff9b7950000 - 0x00007ff9b85bb000 	C:\Program Files\Eclipse Adoptium\jdk-17.0.14.7-hotspot\bin\server\jvm.dll
0x00007ff9f9740000 - 0x00007ff9f97ec000 	C:\Windows\System32\ADVAPI32.dll
0x00007ff9f9bf0000 - 0x00007ff9f9c8b000 	C:\Windows\System32\sechost.dll
0x00007ff9f87a0000 - 0x00007ff9f88cb000 	C:\Windows\System32\RPCRT4.dll
0x00007ff9f9b80000 - 0x00007ff9f9beb000 	C:\Windows\System32\WS2_32.dll
0x00007ff9f71d0000 - 0x00007ff9f721b000 	C:\Windows\SYSTEM32\POWRPROF.dll
0x00007ff9e8880000 - 0x00007ff9e88a7000 	C:\Windows\SYSTEM32\WINMM.dll
0x00007ff9e7430000 - 0x00007ff9e743a000 	C:\Windows\SYSTEM32\VERSION.dll
0x00007ff9f71b0000 - 0x00007ff9f71c2000 	C:\Windows\SYSTEM32\UMPDC.dll
0x00007ff9f5350000 - 0x00007ff9f5362000 	C:\Windows\SYSTEM32\kernel.appcore.dll
0x00007ff9e57c0000 - 0x00007ff9e57ca000 	C:\Program Files\Eclipse Adoptium\jdk-17.0.14.7-hotspot\bin\jimage.dll
0x00007ff9e4cc0000 - 0x00007ff9e4ea4000 	C:\Windows\SYSTEM32\DBGHELP.DLL
0x00007ff9e4100000 - 0x00007ff9e412c000 	C:\Windows\SYSTEM32\dbgcore.DLL
0x00007ff9f7460000 - 0x00007ff9f74e0000 	C:\Windows\System32\bcryptPrimitives.dll
0x00007ff9e2ae0000 - 0x00007ff9e2b05000 	C:\Program Files\Eclipse Adoptium\jdk-17.0.14.7-hotspot\bin\java.dll

dbghelp: loaded successfully - version: 4.0.5 - missing functions: none
symbol engine: initialized successfully - sym options: 0x614 - pdb path: .;C:\Program Files\Eclipse Adoptium\jdk-17.0.14.7-hotspot\bin;C:\Windows\SYSTEM32;C:\Windows\WinSxS\amd64_microsoft.windows.common-controls_6595b64144ccf1df_6.0.19041.844_none_ca00b6081b84eb1d;C:\Program Files\Eclipse Adoptium\jdk-17.0.14.7-hotspot\bin\server

VM Arguments:
jvm_args: -XX:TieredStopAtLevel=1 
java_command: com.ganepalmira.pruebas.PruebaBackApplication
java_class_path (initial): D:\Documents\Prueba Ronald\prueba-back\target\classes;C:\Users\Camilo Zuñiga\.m2\repository\org\springframework\spring-aop\5.3.13\spring-aop-5.3.13.jar;C:\Users\Camilo Zuñiga\.m2\repository\org\aspectj\aspectjweaver\1.9.7\aspectjweaver-1.9.7.jar;C:\Users\Camilo Zuñiga\.m2\repository\com\zaxxer\HikariCP\4.0.3\HikariCP-4.0.3.jar;C:\Users\Camilo Zuñiga\.m2\repository\org\springframework\spring-jdbc\5.3.13\spring-jdbc-5.3.13.jar;C:\Users\Camilo Zuñiga\.m2\repository\jakarta\transaction\jakarta.transaction-api\1.3.3\jakarta.transaction-api-1.3.3.jar;C:\Users\Camilo Zuñiga\.m2\repository\jakarta\persistence\jakarta.persistence-api\2.2.3\jakarta.persistence-api-2.2.3.jar;C:\Users\Camilo Zuñiga\.m2\repository\org\hibernate\hibernate-core\5.6.1.Final\hibernate-core-5.6.1.Final.jar;C:\Users\Camilo Zuñiga\.m2\repository\org\jboss\logging\jboss-logging\3.4.2.Final\jboss-logging-3.4.2.Final.jar;C:\Users\Camilo Zuñiga\.m2\repository\net\bytebuddy\byte-buddy\1.11.22\byte-buddy-1.11.22.jar;C:\Users\Camilo Zuñiga\.m2\repository\antlr\antlr\2.7.7\antlr-2.7.7.jar;C:\Users\Camilo Zuñiga\.m2\repository\org\jboss\jandex\2.2.3.Final\jandex-2.2.3.Final.jar;C:\Users\Camilo Zuñiga\.m2\repository\com\fasterxml\classmate\1.5.1\classmate-1.5.1.jar;C:\Users\Camilo Zuñiga\.m2\repository\org\hibernate\common\hibernate-commons-annotations\5.1.2.Final\hibernate-commons-annotations-5.1.2.Final.jar;C:\Users\Camilo Zuñiga\.m2\repository\org\glassfish\jaxb\jaxb-runtime\2.3.5\jaxb-runtime-2.3.5.jar;C:\Users\Camilo Zuñiga\.m2\repository\org\glassfish\jaxb\txw2\2.3.5\txw2-2.3.5.jar;C:\Users\Camilo Zuñiga\.m2\repository\com\sun\istack\istack-commons-runtime\3.0.12\istack-commons-runtime-3.0.12.jar;C:\Users\Camilo Zuñiga\.m2\repository\com\sun\activation\jakarta.activation\1.2.2\jakarta.activation-1.2.2.jar;C:\Users\Camilo Zuñiga\.m2\repository\org\springframework\data\spring-data-jpa\2.6.0\spring-data-jpa-2.6.0.jar;C:\Users\Camilo Zuñiga\.m2\repository\org\springframework\data\s
Launcher Type: SUN_STANDARD

[Global flags]
     intx CICompilerCount                          = 3                                         {product} {ergonomic}
     uint ConcGCThreads                            = 1                                         {product} {ergonomic}
     uint G1ConcRefinementThreads                  = 4                                         {product} {ergonomic}
   size_t G1HeapRegionSize                         = 1048576                                   {product} {ergonomic}
    uintx GCDrainStackTargetSize                   = 64                                        {product} {ergonomic}
   size_t InitialHeapSize                          = 134217728                                 {product} {ergonomic}
   size_t MarkStackSize                            = 4194304                                   {product} {ergonomic}
   size_t MaxHeapSize                              = 2122317824                                {product} {ergonomic}
   size_t MinHeapDeltaBytes                        = 1048576                                   {product} {ergonomic}
   size_t MinHeapSize                              = 8388608                                   {product} {ergonomic}
    uintx NonProfiledCodeHeapSize                  = 0                                      {pd product} {ergonomic}
     bool ProfileInterpreter                       = false                                  {pd product} {command line}
    uintx ProfiledCodeHeapSize                     = 0                                      {pd product} {ergonomic}
   size_t SoftMaxHeapSize                          = 2122317824                             {manageable} {ergonomic}
     intx TieredStopAtLevel                        = 1                                         {product} {command line}
     bool UseCompressedClassPointers               = true                           {product lp64_product} {ergonomic}
     bool UseCompressedOops                        = true                           {product lp64_product} {ergonomic}
     bool UseG1GC                                  = true                                      {product} {ergonomic}
     bool UseLargePagesIndividualAllocation        = false                                  {pd product} {ergonomic}

Logging:
Log output configuration:
 #0: stdout all=warning uptime,level,tags
 #1: stderr all=off uptime,level,tags

Environment Variables:
JAVA_HOME=C:\Program Files\Eclipse Adoptium\jdk-17.0.14.7-hotspot
PATH=C:\Program Files\Eclipse Adoptium\jdk-17.0.14.7-hotspot\bin;C:\Program Files (x86)\Common Files\Oracle\Java\javapath;C:\Windows\system32;C:\Windows;C:\Windows\System32\Wbem;C:\Windows\System32\WindowsPowerShell\v1.0\;C:\Windows\System32\OpenSSH\;C:\Program Files\Git\cmd;C:\android-sdk\platforms;C:\android-sdk\platform-tools;C:\Program Files\Microsoft SQL Server\150\Tools\Binn\;C:\Program Files\Microsoft SQL Server\Client SDK\ODBC\170\Tools\Binn\;C:\Program Files\dotnet\;C:\ProgramData\chocolatey\bin;C:\Program Files\MongoDB\Server\8.0\bin;C:\Users\Camilo Zuñiga\AppData\Local\Programs\mongosh\;C:\Users\Camilo Zuñiga\AppData\Roaming\nvm;C:\Users\Camilo Zuñiga\AppData\Roaming\nvm\nodejs;C:\nvm;C:\nodejs;C:\android-sdk\cmdline-tools\latest\bin;C:\android-sdk\platform-tools;C:\android-sdk\tools;C:\gradle-8.1-all\bin;C:\gradle-8.1-all;C:\android-sdk\emulator;C:\Program Files\Apache\maven\apache-maven-3.9.9\bin;C:\Users\Camilo Zuñiga\AppData\Local\Microsoft\WindowsApps;C:\flutter\bin;C:\Users\Camilo Zuñiga\AppData\Local\Programs\Microsoft VS Code\bin;C:\Users\Camilo Zuñiga\.dotnet\tools;C:\Users\Camilo Zuñiga\AppData\Roaming\npm;C:\Users\Camilo Zuñiga\AppData\Local\Programs\mongosh\;C:\nvm;C:\nodejs
USERNAME=Camilo Zuniga
LANG=es_ES.UTF-8
OS=Windows_NT
PROCESSOR_IDENTIFIER=Intel64 Family 6 Model 58 Stepping 9, GenuineIntel
TMP=C:\Users\Camilo Zuñiga\AppData\Local\Temp
TEMP=C:\Users\Camilo Zuñiga\AppData\Local\Temp



Periodic native trim disabled


---------------  S Y S T E M  ---------------

OS:
 Windows 10 , 64 bit Build 19041 (10.0.19041.928)
OS uptime: 0 days 3:13 hours

CPU: total 4 (initial active 4) (2 cores per cpu, 2 threads per core) family 6 model 58 stepping 9 microcode 0x21, cx8, cmov, fxsr, ht, mmx, sse, sse2, sse3, ssse3, sse4.1, sse4.2, popcnt, tsc, tscinvbit, avx, erms, clmul, vzeroupper, clflush
Processor Information for all 4 processors :
  Max Mhz: 1801, Current Mhz: 1801, Mhz Limit: 1801

Memory: 4k page, system-wide physical 8088M (1341M free)
TotalPageFile size 8088M (AvailPageFile size 5M)
current process WorkingSet (physical memory assigned to process): 10M, peak: 10M
current process commit charge ("private bytes"): 177M, peak: 179M

vm_info: OpenJDK 64-Bit Server VM (17.0.14+7) for windows-amd64 JRE (17.0.14+7), built on Jan 21 2025 23:40:15 by "admin" with MS VC++ 17.7 (VS2022)

END.
