#
# There is insufficient memory for the Java Runtime Environment to continue.
# Native memory allocation (malloc) failed to allocate 877200 bytes. Error detail: Chunk::new
# Possible reasons:
#   The system is out of physical RAM or swap space
#   This process is running with CompressedOops enabled, and the Java Heap may be blocking the growth of the native heap
# Possible solutions:
#   Reduce memory load on the system
#   Increase physical memory or swap space
#   Check if swap backing store is full
#   Decrease Java heap size (-Xmx/-Xms)
#   Decrease number of Java threads
#   Decrease Java thread stack sizes (-Xss)
#   Set larger code cache with -XX:ReservedCodeCacheSize=
#   JVM is running with Unscaled Compressed Oops mode in which the Java heap is
#     placed in the first 4GB address space. The Java Heap base address is the
#     maximum limit for the native heap growth. Please use -XX:HeapBaseMinAddress
#     to set the Java Heap base and to place the Java Heap above 4GB virtual address.
# This output file may be truncated or incomplete.
#
#  Out of Memory Error (arena.cpp:191), pid=3060, tid=9152
#
# JRE version: OpenJDK Runtime Environment Temurin-17.0.14+7 (17.0.14+7) (build 17.0.14+7)
# Java VM: OpenJDK 64-Bit Server VM Temurin-17.0.14+7 (17.0.14+7, mixed mode, sharing, tiered, compressed oops, compressed class ptrs, g1 gc, windows-amd64)
# No core dump will be written. Minidumps are not enabled by default on client versions of Windows
#

---------------  S U M M A R Y ------------

Command Line: -Dclassworlds.conf=C:\Program Files\Apache\maven\apache-maven-3.9.9\bin\m2.conf -Dmaven.home=C:\Program Files\Apache\maven\apache-maven-3.9.9 -Dlibrary.jansi.path=C:\Program Files\Apache\maven\apache-maven-3.9.9\lib\jansi-native -Dmaven.multiModuleProjectDirectory=D:\Documents\Prueba Ronald\prueba-back org.codehaus.plexus.classworlds.launcher.Launcher spring-boot:run

Host: Intel(R) Core(TM) i3-3217U CPU @ 1.80GHz, 4 cores, 7G,  Windows 10 , 64 bit Build 19041 (10.0.19041.928)
Time: Thu Apr 24 11:39:54 2025 Hora est. Pacífico, Sudamérica elapsed time: 34.982724 seconds (0d 0h 0m 34s)

---------------  T H R E A D  ---------------

Current thread (0x000001a231c85fc0):  JavaThread "C2 CompilerThread0" daemon [_thread_in_native, id=9152, stack(0x00000056c0b00000,0x00000056c0c00000)]


Current CompileTask:
C2:  34982 8778       4       java.util.jar.Attributes::putValue (13 bytes)

Stack: [0x00000056c0b00000,0x00000056c0c00000]
Native frames: (J=compiled Java code, j=interpreted, Vv=VM code, C=native code)
V  [jvm.dll+0x682eb9]
V  [jvm.dll+0x8399c8]
V  [jvm.dll+0x83b473]
V  [jvm.dll+0x83bae3]
V  [jvm.dll+0x24715f]
V  [jvm.dll+0xace44]
V  [jvm.dll+0xad4dc]
V  [jvm.dll+0x365b5e]
V  [jvm.dll+0x32fd58]
V  [jvm.dll+0x32f1da]
V  [jvm.dll+0x21814f]
V  [jvm.dll+0x21758f]
V  [jvm.dll+0x1a3150]
V  [jvm.dll+0x22799c]
V  [jvm.dll+0x225afb]
V  [jvm.dll+0x7ef128]
V  [jvm.dll+0x7e948c]
V  [jvm.dll+0x681d97]
C  [ucrtbase.dll+0x21bb2]
C  [KERNEL32.DLL+0x17034]
C  [ntdll.dll+0x52651]


---------------  P R O C E S S  ---------------

Threads class SMR info:
_java_thread_list=0x000001a278e1fc20, length=18, elements={
0x000001a2141477b0, 0x000001a231c65660, 0x000001a231c664e0, 0x000001a231c7b150,
0x000001a231c7eb30, 0x000001a231c7f4f0, 0x000001a231c80ec0, 0x000001a231c85fc0,
0x000001a231ced530, 0x000001a231cefb50, 0x000001a2770b5700, 0x000001a2770b9080,
0x000001a277ba93b0, 0x000001a279489ee0, 0x000001a27948a3c0, 0x000001a278e34d10,
0x000001a278e31560, 0x000001a279e7db70
}
_to_delete_list=0x000001a278e1fad0, length=23, elements={
0x000001a2141477b0, 0x000001a231c65660, 0x000001a231c664e0, 0x000001a231c7b150,
0x000001a231c7eb30, 0x000001a231c7f4f0, 0x000001a231c80ec0, 0x000001a231c85fc0,
0x000001a231ced530, 0x000001a231cefb50, 0x000001a2770b5700, 0x000001a2770b9080,
0x000001a277ba93b0, 0x000001a279489ee0, 0x000001a27948a3c0, 0x000001a278e34d10,
0x000001a278e31560, 0x000001a278e32eb0, 0x000001a278e33de0, 0x000001a278e338d0,
0x000001a278e342f0, 0x000001a278e333c0, 0x000001a279e7db70
}

Java Threads: ( => current thread )
  0x000001a2141477b0 JavaThread "main" [_thread_in_native, id=9000, stack(0x00000056bfe00000,0x00000056bff00000)]
  0x000001a231c65660 JavaThread "Reference Handler" daemon [_thread_blocked, id=3500, stack(0x00000056c0500000,0x00000056c0600000)]
  0x000001a231c664e0 JavaThread "Finalizer" daemon [_thread_blocked, id=8800, stack(0x00000056c0600000,0x00000056c0700000)]
  0x000001a231c7b150 JavaThread "Signal Dispatcher" daemon [_thread_blocked, id=1812, stack(0x00000056c0700000,0x00000056c0800000)]
  0x000001a231c7eb30 JavaThread "Attach Listener" daemon [_thread_blocked, id=6256, stack(0x00000056c0800000,0x00000056c0900000)]
  0x000001a231c7f4f0 JavaThread "Service Thread" daemon [_thread_blocked, id=8256, stack(0x00000056c0900000,0x00000056c0a00000)]
  0x000001a231c80ec0 JavaThread "Monitor Deflation Thread" daemon [_thread_blocked, id=5324, stack(0x00000056c0a00000,0x00000056c0b00000)]
=>0x000001a231c85fc0 JavaThread "C2 CompilerThread0" daemon [_thread_in_native, id=9152, stack(0x00000056c0b00000,0x00000056c0c00000)]
  0x000001a231ced530 JavaThread "C1 CompilerThread0" daemon [_thread_blocked, id=4196, stack(0x00000056c0c00000,0x00000056c0d00000)]
  0x000001a231cefb50 JavaThread "Sweeper thread" daemon [_thread_blocked, id=8776, stack(0x00000056c0d00000,0x00000056c0e00000)]
  0x000001a2770b5700 JavaThread "Notification Thread" daemon [_thread_blocked, id=7612, stack(0x00000056c0e00000,0x00000056c0f00000)]
  0x000001a2770b9080 JavaThread "Common-Cleaner" daemon [_thread_blocked, id=3064, stack(0x00000056c1000000,0x00000056c1100000)]
  0x000001a277ba93b0 JavaThread "Thread-1" daemon [_thread_blocked, id=7012, stack(0x00000056c1400000,0x00000056c1500000)]
  0x000001a279489ee0 JavaThread "resolver-1" daemon [_thread_blocked, id=2868, stack(0x00000056c1600000,0x00000056c1700000)]
  0x000001a27948a3c0 JavaThread "resolver-2" daemon [_thread_blocked, id=736, stack(0x00000056c1700000,0x00000056c1800000)]
  0x000001a278e34d10 JavaThread "resolver-3" daemon [_thread_blocked, id=3028, stack(0x00000056c1900000,0x00000056c1a00000)]
  0x000001a278e31560 JavaThread "resolver-4" daemon [_thread_blocked, id=8312, stack(0x00000056c1a00000,0x00000056c1b00000)]
  0x000001a279e7db70 JavaThread "C2 CompilerThread1" daemon [_thread_blocked, id=2056, stack(0x00000056c1500000,0x00000056c1600000)]

Other Threads:
  0x000001a231c5f5f0 VMThread "VM Thread" [stack: 0x00000056c0400000,0x00000056c0500000] [id=8888]
  0x000001a2770b8000 WatcherThread [stack: 0x00000056c0f00000,0x00000056c1000000] [id=3716]
  0x000001a2141a3150 GCTaskThread "GC Thread#0" [stack: 0x00000056bff00000,0x00000056c0000000] [id=920]
  0x000001a277933030 GCTaskThread "GC Thread#1" [stack: 0x00000056c1100000,0x00000056c1200000] [id=7664]
  0x000001a2779332f0 GCTaskThread "GC Thread#2" [stack: 0x00000056c1200000,0x00000056c1300000] [id=2988]
  0x000001a2779162c0 GCTaskThread "GC Thread#3" [stack: 0x00000056c1300000,0x00000056c1400000] [id=7600]
  0x000001a2141b3da0 ConcurrentGCThread "G1 Main Marker" [stack: 0x00000056c0000000,0x00000056c0100000] [id=8156]
  0x000001a2141b47c0 ConcurrentGCThread "G1 Conc#0" [stack: 0x00000056c0100000,0x00000056c0200000] [id=3484]
  0x000001a214207d80 ConcurrentGCThread "G1 Refine#0" [stack: 0x00000056c0200000,0x00000056c0300000] [id=9156]
  0x000001a2789708b0 ConcurrentGCThread "G1 Refine#1" [stack: 0x00000056c1800000,0x00000056c1900000] [id=7352]
  0x000001a231b220b0 ConcurrentGCThread "G1 Service" [stack: 0x00000056c0300000,0x00000056c0400000] [id=4688]

Threads with active compile tasks:
C2 CompilerThread0    35018 8778       4       java.util.jar.Attributes::putValue (13 bytes)

VM state: not at safepoint (normal execution)

VM Mutex/Monitor currently owned by a thread: None

Heap address: 0x0000000081800000, size: 2024 MB, Compressed Oops mode: 32-bit

CDS archive(s) mapped at: [0x000001a232000000-0x000001a232bb0000-0x000001a232bb0000), size 12255232, SharedBaseAddress: 0x000001a232000000, ArchiveRelocationMode: 1.
Compressed class space mapped at: 0x000001a233000000-0x000001a273000000, reserved size: 1073741824
Narrow klass base: 0x000001a232000000, Narrow klass shift: 0, Narrow klass range: 0x100000000

GC Precious Log:
 CPUs: 4 total, 4 available
 Memory: 8088M
 Large Page Support: Disabled
 NUMA Support: Disabled
 Compressed Oops: Enabled (32-bit)
 Heap Region Size: 1M
 Heap Min Capacity: 8M
 Heap Initial Capacity: 128M
 Heap Max Capacity: 2024M
 Pre-touch: Disabled
 Parallel Workers: 4
 Concurrent Workers: 1
 Concurrent Refinement Workers: 4
 Periodic GC: Disabled

Heap:
 garbage-first heap   total 109568K, used 56666K [0x0000000081800000, 0x0000000100000000)
  region size 1024K, 7 young (7168K), 3 survivors (3072K)
 Metaspace       used 37914K, committed 38912K, reserved 1114112K
  class space    used 4303K, committed 4672K, reserved 1048576K

Heap Regions: E=young(eden), S=young(survivor), O=old, HS=humongous(starts), HC=humongous(continues), CS=collection set, F=free, OA=open archive, CA=closed archive, TAMS=top-at-mark-start (previous, next)
|   0|0x0000000081800000, 0x0000000081900000, 0x0000000081900000|100%| O|  |TAMS 0x0000000081900000, 0x0000000081800000| Untracked 
|   1|0x0000000081900000, 0x0000000081a00000, 0x0000000081a00000|100%| O|  |TAMS 0x0000000081a00000, 0x0000000081900000| Untracked 
|   2|0x0000000081a00000, 0x0000000081b00000, 0x0000000081b00000|100%| O|  |TAMS 0x0000000081b00000, 0x0000000081a00000| Untracked 
|   3|0x0000000081b00000, 0x0000000081c00000, 0x0000000081c00000|100%| O|  |TAMS 0x0000000081c00000, 0x0000000081b00000| Untracked 
|   4|0x0000000081c00000, 0x0000000081d00000, 0x0000000081d00000|100%|HS|  |TAMS 0x0000000081d00000, 0x0000000081c00000| Complete 
|   5|0x0000000081d00000, 0x0000000081e00000, 0x0000000081e00000|100%| O|  |TAMS 0x0000000081e00000, 0x0000000081d00000| Untracked 
|   6|0x0000000081e00000, 0x0000000081f00000, 0x0000000081f00000|100%| O|  |TAMS 0x0000000081f00000, 0x0000000081e00000| Untracked 
|   7|0x0000000081f00000, 0x0000000082000000, 0x0000000082000000|100%| O|  |TAMS 0x0000000082000000, 0x0000000081f00000| Untracked 
|   8|0x0000000082000000, 0x0000000082100000, 0x0000000082100000|100%| O|  |TAMS 0x0000000082100000, 0x0000000082000000| Untracked 
|   9|0x0000000082100000, 0x0000000082200000, 0x0000000082200000|100%| O|  |TAMS 0x0000000082200000, 0x0000000082100000| Untracked 
|  10|0x0000000082200000, 0x0000000082300000, 0x0000000082300000|100%| O|  |TAMS 0x0000000082300000, 0x0000000082200000| Untracked 
|  11|0x0000000082300000, 0x0000000082400000, 0x0000000082400000|100%| O|  |TAMS 0x0000000082400000, 0x0000000082300000| Complete 
|  12|0x0000000082400000, 0x0000000082500000, 0x0000000082500000|100%| O|  |TAMS 0x0000000082500000, 0x0000000082400000| Untracked 
|  13|0x0000000082500000, 0x0000000082600000, 0x0000000082600000|100%| O|  |TAMS 0x0000000082600000, 0x0000000082500000| Untracked 
|  14|0x0000000082600000, 0x0000000082700000, 0x0000000082700000|100%|HS|  |TAMS 0x0000000082700000, 0x0000000082600000| Complete 
|  15|0x0000000082700000, 0x0000000082800000, 0x0000000082800000|100%| O|  |TAMS 0x0000000082800000, 0x0000000082700000| Untracked 
|  16|0x0000000082800000, 0x0000000082900000, 0x0000000082900000|100%| O|  |TAMS 0x0000000082900000, 0x0000000082800000| Untracked 
|  17|0x0000000082900000, 0x0000000082a00000, 0x0000000082a00000|100%| O|  |TAMS 0x0000000082a00000, 0x0000000082900000| Untracked 
|  18|0x0000000082a00000, 0x0000000082b00000, 0x0000000082b00000|100%| O|  |TAMS 0x0000000082b00000, 0x0000000082a00000| Untracked 
|  19|0x0000000082b00000, 0x0000000082c00000, 0x0000000082c00000|100%| O|  |TAMS 0x0000000082c00000, 0x0000000082b00000| Untracked 
|  20|0x0000000082c00000, 0x0000000082d00000, 0x0000000082d00000|100%| O|  |TAMS 0x0000000082d00000, 0x0000000082c00000| Untracked 
|  21|0x0000000082d00000, 0x0000000082e00000, 0x0000000082e00000|100%| O|  |TAMS 0x0000000082e00000, 0x0000000082d00000| Complete 
|  22|0x0000000082e00000, 0x0000000082f00000, 0x0000000082f00000|100%|HS|  |TAMS 0x0000000082f00000, 0x0000000082e00000| Complete 
|  23|0x0000000082f00000, 0x0000000083000000, 0x0000000083000000|100%| O|  |TAMS 0x0000000083000000, 0x0000000082f00000| Untracked 
|  24|0x0000000083000000, 0x0000000083100000, 0x0000000083100000|100%| O|  |TAMS 0x0000000083100000, 0x0000000083000000| Untracked 
|  25|0x0000000083100000, 0x0000000083200000, 0x0000000083200000|100%| O|  |TAMS 0x0000000083200000, 0x0000000083100000| Untracked 
|  26|0x0000000083200000, 0x0000000083300000, 0x0000000083300000|100%| O|  |TAMS 0x0000000083300000, 0x0000000083200000| Untracked 
|  27|0x0000000083300000, 0x0000000083400000, 0x0000000083400000|100%| O|  |TAMS 0x0000000083400000, 0x0000000083300000| Untracked 
|  28|0x0000000083400000, 0x0000000083500000, 0x0000000083500000|100%| O|  |TAMS 0x0000000083500000, 0x0000000083400000| Untracked 
|  29|0x0000000083500000, 0x0000000083600000, 0x0000000083600000|100%| O|  |TAMS 0x0000000083600000, 0x0000000083500000| Untracked 
|  30|0x0000000083600000, 0x0000000083700000, 0x0000000083700000|100%| O|  |TAMS 0x0000000083700000, 0x0000000083600000| Untracked 
|  31|0x0000000083700000, 0x0000000083800000, 0x0000000083800000|100%| O|  |TAMS 0x0000000083800000, 0x0000000083700000| Untracked 
|  32|0x0000000083800000, 0x0000000083900000, 0x0000000083900000|100%| O|  |TAMS 0x0000000083900000, 0x0000000083800000| Untracked 
|  33|0x0000000083900000, 0x0000000083a00000, 0x0000000083a00000|100%| O|  |TAMS 0x0000000083a00000, 0x0000000083900000| Untracked 
|  34|0x0000000083a00000, 0x0000000083b00000, 0x0000000083b00000|100%| O|  |TAMS 0x0000000083b00000, 0x0000000083a00000| Untracked 
|  35|0x0000000083b00000, 0x0000000083c00000, 0x0000000083c00000|100%| O|  |TAMS 0x0000000083c00000, 0x0000000083b00000| Untracked 
|  36|0x0000000083c00000, 0x0000000083d00000, 0x0000000083d00000|100%| O|  |TAMS 0x0000000083d00000, 0x0000000083c00000| Untracked 
|  37|0x0000000083d00000, 0x0000000083e00000, 0x0000000083e00000|100%| O|  |TAMS 0x0000000083e00000, 0x0000000083d00000| Untracked 
|  38|0x0000000083e00000, 0x0000000083f00000, 0x0000000083f00000|100%| O|  |TAMS 0x0000000083f00000, 0x0000000083e00000| Untracked 
|  39|0x0000000083f00000, 0x0000000084000000, 0x0000000084000000|100%| O|  |TAMS 0x0000000084000000, 0x0000000083f00000| Untracked 
|  40|0x0000000084000000, 0x0000000084100000, 0x0000000084100000|100%| O|  |TAMS 0x0000000084100000, 0x0000000084000000| Untracked 
|  41|0x0000000084100000, 0x0000000084200000, 0x0000000084200000|100%| O|  |TAMS 0x0000000084200000, 0x0000000084100000| Untracked 
|  42|0x0000000084200000, 0x0000000084300000, 0x0000000084300000|100%| O|  |TAMS 0x0000000084300000, 0x0000000084200000| Untracked 
|  43|0x0000000084300000, 0x0000000084400000, 0x0000000084400000|100%| O|  |TAMS 0x0000000084400000, 0x0000000084300000| Untracked 
|  44|0x0000000084400000, 0x00000000844eac00, 0x0000000084500000| 91%| O|  |TAMS 0x00000000844eac00, 0x0000000084400000| Untracked 
|  45|0x0000000084500000, 0x0000000084600000, 0x0000000084600000|100%|HS|  |TAMS 0x0000000084500000, 0x0000000084500000| Complete 
|  46|0x0000000084600000, 0x0000000084600000, 0x0000000084700000|  0%| F|  |TAMS 0x0000000084600000, 0x0000000084600000| Untracked 
|  47|0x0000000084700000, 0x0000000084700000, 0x0000000084800000|  0%| F|  |TAMS 0x0000000084700000, 0x0000000084700000| Untracked 
|  48|0x0000000084800000, 0x0000000084800000, 0x0000000084900000|  0%| F|  |TAMS 0x0000000084800000, 0x0000000084800000| Untracked 
|  49|0x0000000084900000, 0x0000000084900000, 0x0000000084a00000|  0%| F|  |TAMS 0x0000000084900000, 0x0000000084900000| Untracked 
|  50|0x0000000084a00000, 0x0000000084a00000, 0x0000000084b00000|  0%| F|  |TAMS 0x0000000084a00000, 0x0000000084a00000| Untracked 
|  51|0x0000000084b00000, 0x0000000084b00000, 0x0000000084c00000|  0%| F|  |TAMS 0x0000000084b00000, 0x0000000084b00000| Untracked 
|  52|0x0000000084c00000, 0x0000000084d00000, 0x0000000084d00000|100%| O|  |TAMS 0x0000000084d00000, 0x0000000084c00000| Untracked 
|  53|0x0000000084d00000, 0x0000000084d00000, 0x0000000084e00000|  0%| F|  |TAMS 0x0000000084d00000, 0x0000000084d00000| Untracked 
|  54|0x0000000084e00000, 0x0000000084e00000, 0x0000000084f00000|  0%| F|  |TAMS 0x0000000084e00000, 0x0000000084e00000| Untracked 
|  55|0x0000000084f00000, 0x0000000084f00000, 0x0000000085000000|  0%| F|  |TAMS 0x0000000084f00000, 0x0000000084f00000| Untracked 
|  56|0x0000000085000000, 0x0000000085000000, 0x0000000085100000|  0%| F|  |TAMS 0x0000000085000000, 0x0000000085000000| Untracked 
|  57|0x0000000085100000, 0x0000000085100000, 0x0000000085200000|  0%| F|  |TAMS 0x0000000085100000, 0x0000000085100000| Untracked 
|  58|0x0000000085200000, 0x0000000085200000, 0x0000000085300000|  0%| F|  |TAMS 0x0000000085200000, 0x0000000085200000| Untracked 
|  59|0x0000000085300000, 0x0000000085300000, 0x0000000085400000|  0%| F|  |TAMS 0x0000000085300000, 0x0000000085300000| Untracked 
|  60|0x0000000085400000, 0x0000000085400000, 0x0000000085500000|  0%| F|  |TAMS 0x0000000085400000, 0x0000000085400000| Untracked 
|  61|0x0000000085500000, 0x0000000085500000, 0x0000000085600000|  0%| F|  |TAMS 0x0000000085500000, 0x0000000085500000| Untracked 
|  62|0x0000000085600000, 0x0000000085600000, 0x0000000085700000|  0%| F|  |TAMS 0x0000000085600000, 0x0000000085600000| Untracked 
|  63|0x0000000085700000, 0x0000000085700000, 0x0000000085800000|  0%| F|  |TAMS 0x0000000085700000, 0x0000000085700000| Untracked 
|  64|0x0000000085800000, 0x0000000085800000, 0x0000000085900000|  0%| F|  |TAMS 0x0000000085800000, 0x0000000085800000| Untracked 
|  65|0x0000000085900000, 0x0000000085900000, 0x0000000085a00000|  0%| F|  |TAMS 0x0000000085900000, 0x0000000085900000| Untracked 
|  66|0x0000000085a00000, 0x0000000085a00000, 0x0000000085b00000|  0%| F|  |TAMS 0x0000000085a00000, 0x0000000085a00000| Untracked 
|  67|0x0000000085b00000, 0x0000000085b00000, 0x0000000085c00000|  0%| F|  |TAMS 0x0000000085b00000, 0x0000000085b00000| Untracked 
|  68|0x0000000085c00000, 0x0000000085c00000, 0x0000000085d00000|  0%| F|  |TAMS 0x0000000085c00000, 0x0000000085c00000| Untracked 
|  69|0x0000000085d00000, 0x0000000085d00000, 0x0000000085e00000|  0%| F|  |TAMS 0x0000000085d00000, 0x0000000085d00000| Untracked 
|  70|0x0000000085e00000, 0x0000000085e00000, 0x0000000085f00000|  0%| F|  |TAMS 0x0000000085e00000, 0x0000000085e00000| Untracked 
|  71|0x0000000085f00000, 0x0000000085f00000, 0x0000000086000000|  0%| F|  |TAMS 0x0000000085f00000, 0x0000000085f00000| Untracked 
|  72|0x0000000086000000, 0x0000000086000000, 0x0000000086100000|  0%| F|  |TAMS 0x0000000086000000, 0x0000000086000000| Untracked 
|  73|0x0000000086100000, 0x0000000086100000, 0x0000000086200000|  0%| F|  |TAMS 0x0000000086100000, 0x0000000086100000| Untracked 
|  74|0x0000000086200000, 0x0000000086200000, 0x0000000086300000|  0%| F|  |TAMS 0x0000000086200000, 0x0000000086200000| Untracked 
|  75|0x0000000086300000, 0x0000000086300000, 0x0000000086400000|  0%| F|  |TAMS 0x0000000086300000, 0x0000000086300000| Untracked 
|  76|0x0000000086400000, 0x0000000086400000, 0x0000000086500000|  0%| F|  |TAMS 0x0000000086400000, 0x0000000086400000| Untracked 
|  77|0x0000000086500000, 0x0000000086500000, 0x0000000086600000|  0%| F|  |TAMS 0x0000000086500000, 0x0000000086500000| Untracked 
|  78|0x0000000086600000, 0x0000000086600000, 0x0000000086700000|  0%| F|  |TAMS 0x0000000086600000, 0x0000000086600000| Untracked 
|  79|0x0000000086700000, 0x0000000086700000, 0x0000000086800000|  0%| F|  |TAMS 0x0000000086700000, 0x0000000086700000| Untracked 
|  80|0x0000000086800000, 0x0000000086800000, 0x0000000086900000|  0%| F|  |TAMS 0x0000000086800000, 0x0000000086800000| Untracked 
|  81|0x0000000086900000, 0x0000000086900000, 0x0000000086a00000|  0%| F|  |TAMS 0x0000000086900000, 0x0000000086900000| Untracked 
|  82|0x0000000086a00000, 0x0000000086a00000, 0x0000000086b00000|  0%| F|  |TAMS 0x0000000086a00000, 0x0000000086a00000| Untracked 
|  83|0x0000000086b00000, 0x0000000086b00000, 0x0000000086c00000|  0%| F|  |TAMS 0x0000000086b00000, 0x0000000086b00000| Untracked 
|  84|0x0000000086c00000, 0x0000000086c00000, 0x0000000086d00000|  0%| F|  |TAMS 0x0000000086c00000, 0x0000000086c00000| Untracked 
|  85|0x0000000086d00000, 0x0000000086d00000, 0x0000000086e00000|  0%| F|  |TAMS 0x0000000086d00000, 0x0000000086d00000| Untracked 
|  86|0x0000000086e00000, 0x0000000086e00000, 0x0000000086f00000|  0%| F|  |TAMS 0x0000000086e00000, 0x0000000086e00000| Untracked 
|  87|0x0000000086f00000, 0x0000000086f00000, 0x0000000087000000|  0%| F|  |TAMS 0x0000000086f00000, 0x0000000086f00000| Untracked 
|  88|0x0000000087000000, 0x0000000087000000, 0x0000000087100000|  0%| F|  |TAMS 0x0000000087000000, 0x0000000087000000| Untracked 
|  89|0x0000000087100000, 0x0000000087100000, 0x0000000087200000|  0%| F|  |TAMS 0x0000000087100000, 0x0000000087100000| Untracked 
|  90|0x0000000087200000, 0x0000000087200000, 0x0000000087300000|  0%| F|  |TAMS 0x0000000087200000, 0x0000000087200000| Untracked 
|  91|0x0000000087300000, 0x0000000087300000, 0x0000000087400000|  0%| F|  |TAMS 0x0000000087300000, 0x0000000087300000| Untracked 
|  92|0x0000000087400000, 0x0000000087400000, 0x0000000087500000|  0%| F|  |TAMS 0x0000000087400000, 0x0000000087400000| Untracked 
|  93|0x0000000087500000, 0x0000000087500000, 0x0000000087600000|  0%| F|  |TAMS 0x0000000087500000, 0x0000000087500000| Untracked 
|  94|0x0000000087600000, 0x000000008766bdf0, 0x0000000087700000| 42%| S|CS|TAMS 0x0000000087600000, 0x0000000087600000| Complete 
|  95|0x0000000087700000, 0x0000000087800000, 0x0000000087800000|100%| S|CS|TAMS 0x0000000087700000, 0x0000000087700000| Complete 
|  96|0x0000000087800000, 0x0000000087900000, 0x0000000087900000|100%| S|CS|TAMS 0x0000000087800000, 0x0000000087800000| Complete 
|  97|0x0000000087900000, 0x0000000087900000, 0x0000000087a00000|  0%| F|  |TAMS 0x0000000087900000, 0x0000000087900000| Untracked 
|  98|0x0000000087a00000, 0x0000000087a00000, 0x0000000087b00000|  0%| F|  |TAMS 0x0000000087a00000, 0x0000000087a00000| Untracked 
|  99|0x0000000087b00000, 0x0000000087b00000, 0x0000000087c00000|  0%| F|  |TAMS 0x0000000087b00000, 0x0000000087b00000| Untracked 
| 100|0x0000000087c00000, 0x0000000087c547c0, 0x0000000087d00000| 33%| E|  |TAMS 0x0000000087c00000, 0x0000000087c00000| Complete 
| 101|0x0000000087d00000, 0x0000000087e00000, 0x0000000087e00000|100%| E|CS|TAMS 0x0000000087d00000, 0x0000000087d00000| Complete 
| 102|0x0000000087e00000, 0x0000000087f00000, 0x0000000087f00000|100%| E|CS|TAMS 0x0000000087e00000, 0x0000000087e00000| Complete 
| 127|0x0000000089700000, 0x0000000089800000, 0x0000000089800000|100%| E|CS|TAMS 0x0000000089700000, 0x0000000089700000| Complete 
|2021|0x00000000ffd00000, 0x00000000ffe00000, 0x00000000ffe00000|100%| O|  |TAMS 0x00000000ffe00000, 0x00000000ffd00000| Complete 
|2022|0x00000000ffe00000, 0x00000000fff00000, 0x00000000fff00000|100%| O|  |TAMS 0x00000000fff00000, 0x00000000ffe00000| Untracked 
|2023|0x00000000fff00000, 0x0000000100000000, 0x0000000100000000|100%| O|  |TAMS 0x0000000100000000, 0x00000000fff00000| Untracked 

Card table byte_map: [0x000001a22b090000,0x000001a22b490000] _byte_map_base: 0x000001a22ac84000

Marking Bits (Prev, Next): (CMBitMap*) 0x000001a2141a3770, (CMBitMap*) 0x000001a2141a37b0
 Prev Bits: [0x000001a22b890000, 0x000001a22d830000)
 Next Bits: [0x000001a22d830000, 0x000001a22f7d0000)

Polling page: 0x000001a212130000

Metaspace:

Usage:
  Non-class:     32.82 MB used.
      Class:      4.20 MB used.
       Both:     37.03 MB used.

Virtual space:
  Non-class space:       64.00 MB reserved,      33.44 MB ( 52%) committed,  1 nodes.
      Class space:        1.00 GB reserved,       4.56 MB ( <1%) committed,  1 nodes.
             Both:        1.06 GB reserved,      38.00 MB (  3%) committed. 

Chunk freelists:
   Non-Class:  14.75 MB
       Class:  11.48 MB
        Both:  26.23 MB

MaxMetaspaceSize: unlimited
CompressedClassSpaceSize: 1.00 GB
Initial GC threshold: 21.00 MB
Current GC threshold: 63.12 MB
CDS: on
MetaspaceReclaimPolicy: balanced
 - commit_granule_bytes: 65536.
 - commit_granule_words: 8192.
 - virtual_space_node_default_size: 8388608.
 - enlarge_chunks_in_place: 1.
 - new_chunks_are_fully_committed: 0.
 - uncommit_free_chunks: 1.
 - use_allocation_guard: 0.
 - handle_deallocations: 1.


Internal statistics:

num_allocs_failed_limit: 6.
num_arena_births: 270.
num_arena_deaths: 12.
num_vsnodes_births: 2.
num_vsnodes_deaths: 0.
num_space_committed: 644.
num_space_uncommitted: 36.
num_chunks_returned_to_freelist: 154.
num_chunks_taken_from_freelist: 1608.
num_chunk_merges: 51.
num_chunk_splits: 1118.
num_chunks_enlarged: 874.
num_inconsistent_stats: 0.

CodeHeap 'non-profiled nmethods': size=120000Kb used=4388Kb max_used=4653Kb free=115611Kb
 bounds [0x000001a223760000, 0x000001a223bf0000, 0x000001a22ac90000]
CodeHeap 'profiled nmethods': size=120000Kb used=16309Kb max_used=17949Kb free=103690Kb
 bounds [0x000001a21bc90000, 0x000001a21ce20000, 0x000001a2231c0000]
CodeHeap 'non-nmethods': size=5760Kb used=1272Kb max_used=1325Kb free=4487Kb
 bounds [0x000001a2231c0000, 0x000001a223430000, 0x000001a223760000]
 total_blobs=8110 nmethods=7523 adapters=499
 compilation: enabled
              stopped_count=0, restarted_count=0
 full_count=0

Compilation events (20 events):
Event: 34.754 Thread 0x000001a231ced530 nmethod 8860 0x000001a21ce17610 code [0x000001a21ce177e0, 0x000001a21ce17ab8]
Event: 34.782 Thread 0x000001a231ced530 8863       3       java.lang.invoke.LambdaFormEditor$Transform::equals (32 bytes)
Event: 34.783 Thread 0x000001a231ced530 nmethod 8863 0x000001a21c758690 code [0x000001a21c758840, 0x000001a21c758a28]
Event: 34.783 Thread 0x000001a231ced530 8864       3       java.lang.invoke.BoundMethodHandle$Species_L::<init> (12 bytes)
Event: 34.783 Thread 0x000001a231ced530 nmethod 8864 0x000001a21c80e610 code [0x000001a21c80e7c0, 0x000001a21c80e9e8]
Event: 34.814 Thread 0x000001a231ced530 8866       3       java.lang.invoke.MemberName$Factory::resolveOrNull (54 bytes)
Event: 34.815 Thread 0x000001a231ced530 nmethod 8866 0x000001a21c80e090 code [0x000001a21c80e240, 0x000001a21c80e4e8]
Event: 34.817 Thread 0x000001a231ced530 8868       3       java.lang.invoke.Invokers::callSiteForm (308 bytes)
Event: 34.820 Thread 0x000001a231ced530 nmethod 8868 0x000001a21ce17c90 code [0x000001a21ce17fc0, 0x000001a21ce19648]
Event: 34.847 Thread 0x000001a231c85fc0 nmethod 8808 0x000001a223be5390 code [0x000001a223be56a0, 0x000001a223be9130]
Event: 34.848 Thread 0x000001a231c85fc0 8781       4       java.nio.ByteBuffer::<init> (47 bytes)
Event: 34.854 Thread 0x000001a231c85fc0 nmethod 8781 0x000001a2237c8510 code [0x000001a2237c86a0, 0x000001a2237c8998]
Event: 34.854 Thread 0x000001a231c85fc0 8778       4       java.util.jar.Attributes::putValue (13 bytes)
Event: 34.974 Thread 0x000001a279e7db70 nmethod 8839 0x000001a223a3f510 code [0x000001a223a3f880, 0x000001a223a445d8]
Event: 34.974 Thread 0x000001a279e7db70 8777       4       java.io.RandomAccessFile::readFully (45 bytes)
Event: 34.976 Thread 0x000001a279e7db70 nmethod 8777 0x000001a223a80e10 code [0x000001a223a80fa0, 0x000001a223a81088]
Event: 34.976 Thread 0x000001a279e7db70 8824       4       com.google.inject.internal.CycleDetectingLock$CycleDetectingLockFactory::access$100 (4 bytes)
Event: 34.976 Thread 0x000001a279e7db70 nmethod 8824 0x000001a22379e290 code [0x000001a22379e400, 0x000001a22379e458]
Event: 34.976 Thread 0x000001a279e7db70 8836       4       org.springframework.asm.ClassReader::readUnsignedShort (26 bytes)
Event: 34.978 Thread 0x000001a279e7db70 nmethod 8836 0x000001a223a3ce90 code [0x000001a223a3d000, 0x000001a223a3d0d8]

GC Heap History (20 events):
Event: 20.934 GC heap before
{Heap before GC invocations=7 (full 0):
 garbage-first heap   total 61440K, used 49130K [0x0000000081800000, 0x0000000100000000)
  region size 1024K, 36 young (36864K), 5 survivors (5120K)
 Metaspace       used 25697K, committed 25984K, reserved 1114112K
  class space    used 2971K, committed 3136K, reserved 1048576K
}
Event: 20.968 GC heap after
{Heap after GC invocations=8 (full 0):
 garbage-first heap   total 64512K, used 26837K [0x0000000081800000, 0x0000000100000000)
  region size 1024K, 5 young (5120K), 5 survivors (5120K)
 Metaspace       used 25697K, committed 25984K, reserved 1114112K
  class space    used 2971K, committed 3136K, reserved 1048576K
}
Event: 21.028 GC heap before
{Heap before GC invocations=8 (full 0):
 garbage-first heap   total 64512K, used 27861K [0x0000000081800000, 0x0000000100000000)
  region size 1024K, 6 young (6144K), 5 survivors (5120K)
 Metaspace       used 25750K, committed 26048K, reserved 1114112K
  class space    used 2978K, committed 3136K, reserved 1048576K
}
Event: 21.046 GC heap after
{Heap after GC invocations=9 (full 0):
 garbage-first heap   total 64512K, used 28021K [0x0000000081800000, 0x0000000100000000)
  region size 1024K, 1 young (1024K), 1 survivors (1024K)
 Metaspace       used 25750K, committed 26048K, reserved 1114112K
  class space    used 2978K, committed 3136K, reserved 1048576K
}
Event: 22.068 GC heap before
{Heap before GC invocations=9 (full 0):
 garbage-first heap   total 64512K, used 46453K [0x0000000081800000, 0x0000000100000000)
  region size 1024K, 19 young (19456K), 1 survivors (1024K)
 Metaspace       used 26870K, committed 27200K, reserved 1114112K
  class space    used 3077K, committed 3200K, reserved 1048576K
}
Event: 22.084 GC heap after
{Heap after GC invocations=10 (full 0):
 garbage-first heap   total 64512K, used 30720K [0x0000000081800000, 0x0000000100000000)
  region size 1024K, 3 young (3072K), 3 survivors (3072K)
 Metaspace       used 26870K, committed 27200K, reserved 1114112K
  class space    used 3077K, committed 3200K, reserved 1048576K
}
Event: 22.980 GC heap before
{Heap before GC invocations=11 (full 0):
 garbage-first heap   total 64512K, used 47104K [0x0000000081800000, 0x0000000100000000)
  region size 1024K, 20 young (20480K), 3 survivors (3072K)
 Metaspace       used 27889K, committed 28224K, reserved 1114112K
  class space    used 3199K, committed 3328K, reserved 1048576K
}
Event: 22.991 GC heap after
{Heap after GC invocations=12 (full 0):
 garbage-first heap   total 64512K, used 31190K [0x0000000081800000, 0x0000000100000000)
  region size 1024K, 1 young (1024K), 1 survivors (1024K)
 Metaspace       used 27889K, committed 28224K, reserved 1114112K
  class space    used 3199K, committed 3328K, reserved 1048576K
}
Event: 23.726 GC heap before
{Heap before GC invocations=12 (full 0):
 garbage-first heap   total 64512K, used 48598K [0x0000000081800000, 0x0000000100000000)
  region size 1024K, 19 young (19456K), 1 survivors (1024K)
 Metaspace       used 28581K, committed 28864K, reserved 1114112K
  class space    used 3263K, committed 3392K, reserved 1048576K
}
Event: 23.732 GC heap after
{Heap after GC invocations=13 (full 0):
 garbage-first heap   total 115712K, used 31518K [0x0000000081800000, 0x0000000100000000)
  region size 1024K, 1 young (1024K), 1 survivors (1024K)
 Metaspace       used 28581K, committed 28864K, reserved 1114112K
  class space    used 3263K, committed 3392K, reserved 1048576K
}
Event: 26.285 GC heap before
{Heap before GC invocations=14 (full 0):
 garbage-first heap   total 109568K, used 89886K [0x0000000081800000, 0x0000000100000000)
  region size 1024K, 55 young (56320K), 1 survivors (1024K)
 Metaspace       used 30383K, committed 30656K, reserved 1114112K
  class space    used 3463K, committed 3584K, reserved 1048576K
}
Event: 26.310 GC heap after
{Heap after GC invocations=15 (full 0):
 garbage-first heap   total 109568K, used 44436K [0x0000000081800000, 0x0000000100000000)
  region size 1024K, 7 young (7168K), 7 survivors (7168K)
 Metaspace       used 30383K, committed 30656K, reserved 1114112K
  class space    used 3463K, committed 3584K, reserved 1048576K
}
Event: 28.152 GC heap before
{Heap before GC invocations=15 (full 0):
 garbage-first heap   total 109568K, used 79252K [0x0000000081800000, 0x0000000100000000)
  region size 1024K, 42 young (43008K), 7 survivors (7168K)
 Metaspace       used 32151K, committed 32576K, reserved 1114112K
  class space    used 3680K, committed 3904K, reserved 1048576K
}
Event: 28.174 GC heap after
{Heap after GC invocations=16 (full 0):
 garbage-first heap   total 109568K, used 45579K [0x0000000081800000, 0x0000000100000000)
  region size 1024K, 2 young (2048K), 2 survivors (2048K)
 Metaspace       used 32151K, committed 32576K, reserved 1114112K
  class space    used 3680K, committed 3904K, reserved 1048576K
}
Event: 30.775 GC heap before
{Heap before GC invocations=16 (full 0):
 garbage-first heap   total 109568K, used 82443K [0x0000000081800000, 0x0000000100000000)
  region size 1024K, 38 young (38912K), 2 survivors (2048K)
 Metaspace       used 39581K, committed 39936K, reserved 1114112K
  class space    used 4558K, committed 4736K, reserved 1048576K
}
Event: 30.801 GC heap after
{Heap after GC invocations=17 (full 0):
 garbage-first heap   total 109568K, used 50021K [0x0000000081800000, 0x0000000100000000)
  region size 1024K, 5 young (5120K), 5 survivors (5120K)
 Metaspace       used 39581K, committed 39936K, reserved 1114112K
  class space    used 4558K, committed 4736K, reserved 1048576K
}
Event: 34.131 GC heap before
{Heap before GC invocations=17 (full 0):
 garbage-first heap   total 109568K, used 82789K [0x0000000081800000, 0x0000000100000000)
  region size 1024K, 38 young (38912K), 5 survivors (5120K)
 Metaspace       used 40245K, committed 40576K, reserved 1114112K
  class space    used 4593K, committed 4736K, reserved 1048576K
}
Event: 34.150 GC heap after
{Heap after GC invocations=18 (full 0):
 garbage-first heap   total 109568K, used 52139K [0x0000000081800000, 0x0000000100000000)
  region size 1024K, 2 young (2048K), 2 survivors (2048K)
 Metaspace       used 40245K, committed 40576K, reserved 1114112K
  class space    used 4593K, committed 4736K, reserved 1048576K
}
Event: 34.399 GC heap before
{Heap before GC invocations=18 (full 0):
 garbage-first heap   total 109568K, used 58283K [0x0000000081800000, 0x0000000100000000)
  region size 1024K, 9 young (9216K), 2 survivors (2048K)
 Metaspace       used 40713K, committed 41088K, reserved 1114112K
  class space    used 4642K, committed 4800K, reserved 1048576K
}
Event: 34.405 GC heap after
{Heap after GC invocations=19 (full 0):
 garbage-first heap   total 109568K, used 52570K [0x0000000081800000, 0x0000000100000000)
  region size 1024K, 3 young (3072K), 3 survivors (3072K)
 Metaspace       used 40713K, committed 41088K, reserved 1114112K
  class space    used 4642K, committed 4800K, reserved 1048576K
}

Dll operation events (10 events):
Event: 0.021 Loaded shared library C:\Program Files\Eclipse Adoptium\jdk-17.0.14.7-hotspot\bin\java.dll
Event: 0.073 Loaded shared library C:\Program Files\Eclipse Adoptium\jdk-17.0.14.7-hotspot\bin\jsvml.dll
Event: 0.248 Loaded shared library C:\Program Files\Eclipse Adoptium\jdk-17.0.14.7-hotspot\bin\net.dll
Event: 0.254 Loaded shared library C:\Program Files\Eclipse Adoptium\jdk-17.0.14.7-hotspot\bin\nio.dll
Event: 0.263 Loaded shared library C:\Program Files\Eclipse Adoptium\jdk-17.0.14.7-hotspot\bin\zip.dll
Event: 1.114 Loaded shared library C:\Program Files\Apache\maven\apache-maven-3.9.9\lib\jansi-native\Windows\x86_64\jansi.dll
Event: 1.196 Loaded shared library C:\Program Files\Eclipse Adoptium\jdk-17.0.14.7-hotspot\bin\verify.dll
Event: 1.380 Loaded shared library C:\Program Files\Eclipse Adoptium\jdk-17.0.14.7-hotspot\bin\jimage.dll
Event: 28.123 Loaded shared library C:\Program Files\Eclipse Adoptium\jdk-17.0.14.7-hotspot\bin\sunmscapi.dll
Event: 28.863 Loaded shared library C:\Program Files\Eclipse Adoptium\jdk-17.0.14.7-hotspot\bin\extnet.dll

Deoptimization events (20 events):
Event: 34.741 Thread 0x000001a2141477b0 Uncommon trap: trap_request=0xffffffbe fr.pc=0x000001a22383bfa0 relative=0x0000000000001bc0
Event: 34.741 Thread 0x000001a2141477b0 Uncommon trap: reason=profile_predicate action=maybe_recompile pc=0x000001a22383bfa0 method=java.util.TimSort.binarySort([Ljava/lang/Object;IIILjava/util/Comparator;)V @ 34 c2
Event: 34.741 Thread 0x000001a2141477b0 DEOPT PACKING pc=0x000001a22383bfa0 sp=0x00000056bfefd210
Event: 34.742 Thread 0x000001a2141477b0 DEOPT UNPACKING pc=0x000001a2232169a3 sp=0x00000056bfefd1f0 mode 2
Event: 34.742 Thread 0x000001a2141477b0 Uncommon trap: trap_request=0xffffffbe fr.pc=0x000001a22383bfa0 relative=0x0000000000001bc0
Event: 34.742 Thread 0x000001a2141477b0 Uncommon trap: reason=profile_predicate action=maybe_recompile pc=0x000001a22383bfa0 method=java.util.TimSort.binarySort([Ljava/lang/Object;IIILjava/util/Comparator;)V @ 34 c2
Event: 34.742 Thread 0x000001a2141477b0 DEOPT PACKING pc=0x000001a22383bfa0 sp=0x00000056bfefd210
Event: 34.742 Thread 0x000001a2141477b0 DEOPT UNPACKING pc=0x000001a2232169a3 sp=0x00000056bfefd1f0 mode 2
Event: 34.742 Thread 0x000001a2141477b0 Uncommon trap: trap_request=0xffffffbe fr.pc=0x000001a22383bfa0 relative=0x0000000000001bc0
Event: 34.742 Thread 0x000001a2141477b0 Uncommon trap: reason=profile_predicate action=maybe_recompile pc=0x000001a22383bfa0 method=java.util.TimSort.binarySort([Ljava/lang/Object;IIILjava/util/Comparator;)V @ 34 c2
Event: 34.742 Thread 0x000001a2141477b0 DEOPT PACKING pc=0x000001a22383bfa0 sp=0x00000056bfefd210
Event: 34.742 Thread 0x000001a2141477b0 DEOPT UNPACKING pc=0x000001a2232169a3 sp=0x00000056bfefd1f0 mode 2
Event: 34.742 Thread 0x000001a2141477b0 Uncommon trap: trap_request=0xffffffbe fr.pc=0x000001a22383bfa0 relative=0x0000000000001bc0
Event: 34.742 Thread 0x000001a2141477b0 Uncommon trap: reason=profile_predicate action=maybe_recompile pc=0x000001a22383bfa0 method=java.util.TimSort.binarySort([Ljava/lang/Object;IIILjava/util/Comparator;)V @ 34 c2
Event: 34.742 Thread 0x000001a2141477b0 DEOPT PACKING pc=0x000001a22383bfa0 sp=0x00000056bfefd210
Event: 34.742 Thread 0x000001a2141477b0 DEOPT UNPACKING pc=0x000001a2232169a3 sp=0x00000056bfefd1f0 mode 2
Event: 34.827 Thread 0x000001a2141477b0 Uncommon trap: trap_request=0xffffffde fr.pc=0x000001a2237f85d4 relative=0x0000000000000534
Event: 34.827 Thread 0x000001a2141477b0 Uncommon trap: reason=class_check action=maybe_recompile pc=0x000001a2237f85d4 method=java.util.Hashtable.get(Ljava/lang/Object;)Ljava/lang/Object; @ 6 c2
Event: 34.827 Thread 0x000001a2141477b0 DEOPT PACKING pc=0x000001a2237f85d4 sp=0x00000056bfefd5c0
Event: 34.827 Thread 0x000001a2141477b0 DEOPT UNPACKING pc=0x000001a2232169a3 sp=0x00000056bfefd570 mode 2

Classes loaded (20 events):
Event: 34.822 Loading class java/util/concurrent/SynchronousQueue$Transferer done
Event: 34.822 Loading class java/util/concurrent/SynchronousQueue$TransferStack done
Event: 34.822 Loading class java/util/concurrent/SynchronousQueue$TransferStack$SNode
Event: 34.822 Loading class java/util/concurrent/SynchronousQueue$TransferStack$SNode done
Event: 34.822 Loading class java/lang/ProcessImpl$2
Event: 34.822 Loading class java/lang/ProcessImpl$2 done
Event: 34.823 Loading class java/lang/ProcessBuilder$NullOutputStream
Event: 34.824 Loading class java/lang/ProcessBuilder$NullOutputStream done
Event: 34.824 Loading class java/lang/ProcessBuilder$NullInputStream
Event: 34.824 Loading class java/lang/ProcessBuilder$NullInputStream done
Event: 34.824 Loading class jdk/internal/event/ProcessStartEvent
Event: 34.824 Loading class jdk/internal/event/ProcessStartEvent done
Event: 34.826 Loading class sun/misc/Signal
Event: 34.826 Loading class sun/misc/Signal done
Event: 34.826 Loading class sun/misc/SignalHandler
Event: 34.826 Loading class sun/misc/SignalHandler done
Event: 34.827 Loading class sun/misc/Signal$InternalMiscHandler
Event: 34.827 Loading class sun/misc/Signal$InternalMiscHandler done
Event: 34.827 Loading class sun/misc/Signal$SunMiscHandler
Event: 34.827 Loading class sun/misc/Signal$SunMiscHandler done

Classes unloaded (20 events):
Event: 34.556 Thread 0x000001a231c5f5f0 Unloading class 0x000001a23332a688 'lombok/core/AnnotationProcessor$JavacDescriptor'
Event: 34.556 Thread 0x000001a231c5f5f0 Unloading class 0x000001a23332a280 'lombok/core/AnnotationProcessor$ProcessorDescriptor'
Event: 34.556 Thread 0x000001a231c5f5f0 Unloading class 0x000001a23332a000 'lombok/core/AnnotationProcessor'
Event: 34.556 Thread 0x000001a231c5f5f0 Unloading class 0x000001a2333293f8 'lombok/launch/AnnotationProcessorHider$ClaimingProcessor'
Event: 34.556 Thread 0x000001a231c5f5f0 Unloading class 0x000001a2333291f8 'lombok/launch/AnnotationProcessorHider$AstModificationNotifierData'
Event: 34.556 Thread 0x000001a231c5f5f0 Unloading class 0x000001a233328ee8 'lombok/launch/ShadowClassLoader'
Event: 34.556 Thread 0x000001a231c5f5f0 Unloading class 0x000001a233328ce8 'lombok/launch/Main'
Event: 34.556 Thread 0x000001a231c5f5f0 Unloading class 0x000001a233328a68 'lombok/launch/AnnotationProcessorHider$AnnotationProcessor'
Event: 34.556 Thread 0x000001a231c5f5f0 Unloading class 0x000001a233328848 'lombok/mapstruct/NotifierHider$AstModificationNotifier'
Event: 34.556 Thread 0x000001a231c5f5f0 Unloading class 0x000001a2333285e8 'org/mapstruct/ap/internal/util/AnnotationProcessorContext$FaultyDelegatingIterator'
Event: 34.556 Thread 0x000001a231c5f5f0 Unloading class 0x000001a2333283f0 'org/mapstruct/ap/spi/AstModifyingAnnotationProcessor'
Event: 34.556 Thread 0x000001a231c5f5f0 Unloading class 0x000001a2333281f8 'org/mapstruct/ap/spi/BuilderProvider'
Event: 34.556 Thread 0x000001a231c5f5f0 Unloading class 0x000001a233328000 'org/mapstruct/ap/spi/AccessorNamingStrategy'
Event: 34.556 Thread 0x000001a231c5f5f0 Unloading class 0x000001a233300d80 'org/mapstruct/ap/internal/util/AnnotationProcessorContext'
Event: 34.556 Thread 0x000001a231c5f5f0 Unloading class 0x000001a233300b88 'org/mapstruct/ap/spi/MapStructProcessingEnvironment'
Event: 34.556 Thread 0x000001a231c5f5f0 Unloading class 0x000001a233300948 'org/mapstruct/ap/internal/option/Options'
Event: 34.556 Thread 0x000001a231c5f5f0 Unloading class 0x000001a2333006d8 'org/mapstruct/ap/internal/util/AnnotationProcessingException'
Event: 34.556 Thread 0x000001a231c5f5f0 Unloading class 0x000001a2333004e0 'org/mapstruct/ap/internal/processor/ModelElementProcessor$ProcessorContext'
Event: 34.556 Thread 0x000001a231c5f5f0 Unloading class 0x000001a233300280 'org/mapstruct/ap/spi/TypeHierarchyErroneousException'
Event: 34.556 Thread 0x000001a231c5f5f0 Unloading class 0x000001a233300000 'org/mapstruct/ap/MappingProcessor'

Classes redefined (0 events):
No events

Internal exceptions (20 events):
Event: 33.725 Thread 0x000001a2141477b0 Exception <a 'sun/nio/fs/WindowsException'{0x000000008684f730}> (0x000000008684f730) 
thrown [s\src\hotspot\share\prims\jni.cpp, line 516]
Event: 33.728 Thread 0x000001a2141477b0 Exception <a 'sun/nio/fs/WindowsException'{0x0000000086858378}> (0x0000000086858378) 
thrown [s\src\hotspot\share\prims\jni.cpp, line 516]
Event: 33.733 Thread 0x000001a2141477b0 Exception <a 'sun/nio/fs/WindowsException'{0x00000000868641e0}> (0x00000000868641e0) 
thrown [s\src\hotspot\share\prims\jni.cpp, line 516]
Event: 33.759 Thread 0x000001a2141477b0 Exception <a 'sun/nio/fs/WindowsException'{0x000000008686ce80}> (0x000000008686ce80) 
thrown [s\src\hotspot\share\prims\jni.cpp, line 516]
Event: 33.761 Thread 0x000001a2141477b0 Exception <a 'sun/nio/fs/WindowsException'{0x0000000086878dd8}> (0x0000000086878dd8) 
thrown [s\src\hotspot\share\prims\jni.cpp, line 516]
Event: 33.765 Thread 0x000001a2141477b0 Exception <a 'sun/nio/fs/WindowsException'{0x000000008687da78}> (0x000000008687da78) 
thrown [s\src\hotspot\share\prims\jni.cpp, line 516]
Event: 33.770 Thread 0x000001a2141477b0 Exception <a 'sun/nio/fs/WindowsException'{0x000000008688ebe8}> (0x000000008688ebe8) 
thrown [s\src\hotspot\share\prims\jni.cpp, line 516]
Event: 33.773 Thread 0x000001a2141477b0 Exception <a 'sun/nio/fs/WindowsException'{0x0000000086897770}> (0x0000000086897770) 
thrown [s\src\hotspot\share\prims\jni.cpp, line 516]
Event: 33.775 Thread 0x000001a2141477b0 Exception <a 'sun/nio/fs/WindowsException'{0x00000000868a3538}> (0x00000000868a3538) 
thrown [s\src\hotspot\share\prims\jni.cpp, line 516]
Event: 33.778 Thread 0x000001a2141477b0 Exception <a 'sun/nio/fs/WindowsException'{0x00000000868ac070}> (0x00000000868ac070) 
thrown [s\src\hotspot\share\prims\jni.cpp, line 516]
Event: 33.781 Thread 0x000001a2141477b0 Exception <a 'sun/nio/fs/WindowsException'{0x00000000868b7d08}> (0x00000000868b7d08) 
thrown [s\src\hotspot\share\prims\jni.cpp, line 516]
Event: 33.784 Thread 0x000001a2141477b0 Exception <a 'sun/nio/fs/WindowsException'{0x00000000868c0920}> (0x00000000868c0920) 
thrown [s\src\hotspot\share\prims\jni.cpp, line 516]
Event: 33.787 Thread 0x000001a2141477b0 Exception <a 'sun/nio/fs/WindowsException'{0x00000000868cc758}> (0x00000000868cc758) 
thrown [s\src\hotspot\share\prims\jni.cpp, line 516]
Event: 34.248 Thread 0x000001a2141477b0 Exception <a 'java/lang/NoClassDefFoundError'{0x0000000087ee5408}: org/sonatype/aether/graph/DependencyNode> (0x0000000087ee5408) 
thrown [s\src\hotspot\share\classfile\systemDictionary.cpp, line 245]
Event: 34.778 Thread 0x000001a2141477b0 Exception <a 'java/lang/NoSuchMethodError'{0x0000000087d1e170}: 'void java.lang.invoke.DirectMethodHandle$Holder.invokeStatic(java.lang.Object, long)'> (0x0000000087d1e170) 
thrown [s\src\hotspot\share\interpreter\linkResolver.cpp, line 759]
Event: 34.780 Thread 0x000001a2141477b0 Exception <a 'java/lang/NoSuchMethodError'{0x0000000087d236c8}: 'java.lang.Object java.lang.invoke.DirectMethodHandle$Holder.newInvokeSpecial(java.lang.Object, long)'> (0x0000000087d236c8) 
thrown [s\src\hotspot\share\interpreter\linkResolver.cpp, line 759]
Event: 34.815 Thread 0x000001a2141477b0 Exception <a 'java/lang/NoSuchMethodError'{0x0000000087d2a1b8}: 'java.lang.Object java.lang.invoke.DirectMethodHandle$Holder.invokeStatic(java.lang.Object, java.lang.Object, long, java.lang.Object)'> (0x0000000087d2a1b8) 
thrown [s\src\hotspot\share\interpreter\linkResolver.cpp, line 759]
Event: 34.816 Thread 0x000001a2141477b0 Exception <a 'java/lang/NoSuchMethodError'{0x0000000087d2d990}: 'java.lang.Object java.lang.invoke.DirectMethodHandle$Holder.invokeStaticInit(java.lang.Object, java.lang.Object, long, java.lang.Object)'> (0x0000000087d2d990) 
thrown [s\src\hotspot\share\interpreter\linkResolver.cpp, line 759]
Event: 34.817 Thread 0x000001a2141477b0 Exception <a 'java/lang/NoSuchMethodError'{0x0000000087d33fa0}: 'java.lang.Object java.lang.invoke.DirectMethodHandle$Holder.newInvokeSpecial(java.lang.Object, java.lang.Object, long)'> (0x0000000087d33fa0) 
thrown [s\src\hotspot\share\interpreter\linkResolver.cpp, line 759]
Event: 34.820 Thread 0x000001a2141477b0 Exception <a 'java/lang/NoSuchMethodError'{0x0000000087d37b10}: 'java.lang.Object java.lang.invoke.Invokers$Holder.linkToTargetMethod(java.lang.Object, long, java.lang.Object)'> (0x0000000087d37b10) 
thrown [s\src\hotspot\share\interpreter\linkResolver.cpp, line 759]

VM Operations (20 events):
Event: 30.775 Executing VM operation: G1CollectForAllocation
Event: 30.801 Executing VM operation: G1CollectForAllocation done
Event: 31.804 Executing VM operation: Cleanup
Event: 31.829 Executing VM operation: Cleanup done
Event: 32.836 Executing VM operation: Cleanup
Event: 32.836 Executing VM operation: Cleanup done
Event: 33.844 Executing VM operation: Cleanup
Event: 33.844 Executing VM operation: Cleanup done
Event: 34.131 Executing VM operation: G1CollectForAllocation
Event: 34.150 Executing VM operation: G1CollectForAllocation done
Event: 34.399 Executing VM operation: G1TryInitiateConcMark
Event: 34.405 Executing VM operation: G1TryInitiateConcMark done
Event: 34.535 Executing VM operation: G1PauseRemark
Event: 34.584 Executing VM operation: G1PauseRemark done
Event: 34.662 Executing VM operation: G1PauseCleanup
Event: 34.676 Executing VM operation: G1PauseCleanup done
Event: 34.742 Executing VM operation: HandshakeAllThreads
Event: 34.743 Executing VM operation: HandshakeAllThreads done
Event: 34.847 Executing VM operation: HandshakeAllThreads
Event: 34.847 Executing VM operation: HandshakeAllThreads done

Memory protections (0 events):
No events

Nmethod flushes (20 events):
Event: 34.869 Thread 0x000001a231cefb50 flushing  nmethod 0x000001a21c988b10
Event: 34.869 Thread 0x000001a231cefb50 flushing  nmethod 0x000001a21c99e490
Event: 34.869 Thread 0x000001a231cefb50 flushing  nmethod 0x000001a21c9bb910
Event: 34.870 Thread 0x000001a231cefb50 flushing  nmethod 0x000001a21ca6a990
Event: 34.870 Thread 0x000001a231cefb50 flushing  nmethod 0x000001a21cab2910
Event: 34.870 Thread 0x000001a231cefb50 flushing  nmethod 0x000001a21cae9410
Event: 34.870 Thread 0x000001a231cefb50 flushing  nmethod 0x000001a21caebb10
Event: 34.870 Thread 0x000001a231cefb50 flushing  nmethod 0x000001a21caed810
Event: 34.870 Thread 0x000001a231cefb50 flushing  nmethod 0x000001a21caf3010
Event: 34.870 Thread 0x000001a231cefb50 flushing  nmethod 0x000001a21cafd990
Event: 34.870 Thread 0x000001a231cefb50 flushing  nmethod 0x000001a21cb01410
Event: 34.871 Thread 0x000001a231cefb50 flushing  nmethod 0x000001a21cb02510
Event: 34.871 Thread 0x000001a231cefb50 flushing  nmethod 0x000001a21cb18f10
Event: 34.871 Thread 0x000001a231cefb50 flushing  nmethod 0x000001a21cb31590
Event: 34.871 Thread 0x000001a231cefb50 flushing  nmethod 0x000001a21cb3c890
Event: 34.871 Thread 0x000001a231cefb50 flushing  nmethod 0x000001a21cb3cc90
Event: 34.871 Thread 0x000001a231cefb50 flushing  nmethod 0x000001a21cb3d110
Event: 34.871 Thread 0x000001a231cefb50 flushing  nmethod 0x000001a21cb3f710
Event: 34.871 Thread 0x000001a231cefb50 flushing  nmethod 0x000001a21cb43e90
Event: 34.871 Thread 0x000001a231cefb50 flushing  nmethod 0x000001a21cb44410

Events (20 events):
Event: 18.400 Thread 0x000001a2141477b0 Thread added: 0x000001a279489ee0
Event: 18.400 Thread 0x000001a2141477b0 Thread added: 0x000001a27948a3c0
Event: 19.174 Thread 0x000001a277ff2e10 Thread exited: 0x000001a277ff2e10
Event: 19.643 Thread 0x000001a231ced530 Thread added: 0x000001a278bbbf70
Event: 25.177 Thread 0x000001a2141477b0 Thread added: 0x000001a278e34d10
Event: 25.178 Thread 0x000001a2141477b0 Thread added: 0x000001a278e31560
Event: 28.942 Thread 0x000001a278bbbf70 Thread exited: 0x000001a278bbbf70
Event: 29.478 Thread 0x000001a231ced530 Thread added: 0x000001a278bbbf70
Event: 31.768 Thread 0x000001a2141477b0 Thread added: 0x000001a278e32eb0
Event: 31.768 Thread 0x000001a2141477b0 Thread added: 0x000001a278e33de0
Event: 31.768 Thread 0x000001a2141477b0 Thread added: 0x000001a278e338d0
Event: 31.769 Thread 0x000001a2141477b0 Thread added: 0x000001a278e342f0
Event: 31.770 Thread 0x000001a2141477b0 Thread added: 0x000001a278e333c0
Event: 32.769 Thread 0x000001a278bbbf70 Thread exited: 0x000001a278bbbf70
Event: 33.008 Thread 0x000001a231ced530 Thread added: 0x000001a279e7db70
Event: 33.625 Thread 0x000001a278e33de0 Thread exited: 0x000001a278e33de0
Event: 33.634 Thread 0x000001a278e338d0 Thread exited: 0x000001a278e338d0
Event: 33.634 Thread 0x000001a278e342f0 Thread exited: 0x000001a278e342f0
Event: 33.634 Thread 0x000001a278e32eb0 Thread exited: 0x000001a278e32eb0
Event: 33.634 Thread 0x000001a278e333c0 Thread exited: 0x000001a278e333c0


Dynamic libraries:
0x00007ff7b3780000 - 0x00007ff7b378e000 	C:\Program Files\Eclipse Adoptium\jdk-17.0.14.7-hotspot\bin\java.exe
0x00007ff9f9c90000 - 0x00007ff9f9e85000 	C:\Windows\SYSTEM32\ntdll.dll
0x00007ff9f8ad0000 - 0x00007ff9f8b8d000 	C:\Windows\System32\KERNEL32.DLL
0x00007ff9f74e0000 - 0x00007ff9f77a8000 	C:\Windows\System32\KERNELBASE.dll
0x00007ff9f79a0000 - 0x00007ff9f7aa0000 	C:\Windows\System32\ucrtbase.dll
0x00007ff9e57d0000 - 0x00007ff9e57e7000 	C:\Program Files\Eclipse Adoptium\jdk-17.0.14.7-hotspot\bin\jli.dll
0x00007ff9f8930000 - 0x00007ff9f8ad0000 	C:\Windows\System32\USER32.dll
0x00007ff9f7ba0000 - 0x00007ff9f7bc2000 	C:\Windows\System32\win32u.dll
0x00007ff9f7f90000 - 0x00007ff9f7fba000 	C:\Windows\System32\GDI32.dll
0x00007ff9f7890000 - 0x00007ff9f799b000 	C:\Windows\System32\gdi32full.dll
0x00007ff9f7b00000 - 0x00007ff9f7b9d000 	C:\Windows\System32\msvcp_win.dll
0x00007ff9e5740000 - 0x00007ff9e575e000 	C:\Program Files\Eclipse Adoptium\jdk-17.0.14.7-hotspot\bin\VCRUNTIME140.dll
0x00007ff9e9670000 - 0x00007ff9e990a000 	C:\Windows\WinSxS\amd64_microsoft.windows.common-controls_6595b64144ccf1df_6.0.19041.844_none_ca00b6081b84eb1d\COMCTL32.dll
0x00007ff9f7ee0000 - 0x00007ff9f7f7e000 	C:\Windows\System32\msvcrt.dll
0x00007ff9f97f0000 - 0x00007ff9f9820000 	C:\Windows\System32\IMM32.DLL
0x00007ff9e5830000 - 0x00007ff9e583c000 	C:\Program Files\Eclipse Adoptium\jdk-17.0.14.7-hotspot\bin\vcruntime140_1.dll
0x00007ff9cdaa0000 - 0x00007ff9cdb2d000 	C:\Program Files\Eclipse Adoptium\jdk-17.0.14.7-hotspot\bin\msvcp140.dll
0x00007ff9b7950000 - 0x00007ff9b85bb000 	C:\Program Files\Eclipse Adoptium\jdk-17.0.14.7-hotspot\bin\server\jvm.dll
0x00007ff9f9740000 - 0x00007ff9f97ec000 	C:\Windows\System32\ADVAPI32.dll
0x00007ff9f9bf0000 - 0x00007ff9f9c8b000 	C:\Windows\System32\sechost.dll
0x00007ff9f87a0000 - 0x00007ff9f88cb000 	C:\Windows\System32\RPCRT4.dll
0x00007ff9f9b80000 - 0x00007ff9f9beb000 	C:\Windows\System32\WS2_32.dll
0x00007ff9f71d0000 - 0x00007ff9f721b000 	C:\Windows\SYSTEM32\POWRPROF.dll
0x00007ff9e8880000 - 0x00007ff9e88a7000 	C:\Windows\SYSTEM32\WINMM.dll
0x00007ff9e7430000 - 0x00007ff9e743a000 	C:\Windows\SYSTEM32\VERSION.dll
0x00007ff9f71b0000 - 0x00007ff9f71c2000 	C:\Windows\SYSTEM32\UMPDC.dll
0x00007ff9f5350000 - 0x00007ff9f5362000 	C:\Windows\SYSTEM32\kernel.appcore.dll
0x00007ff9e57c0000 - 0x00007ff9e57ca000 	C:\Program Files\Eclipse Adoptium\jdk-17.0.14.7-hotspot\bin\jimage.dll
0x00007ff9e4cc0000 - 0x00007ff9e4ea4000 	C:\Windows\SYSTEM32\DBGHELP.DLL
0x00007ff9e4100000 - 0x00007ff9e412c000 	C:\Windows\SYSTEM32\dbgcore.DLL
0x00007ff9f7460000 - 0x00007ff9f74e0000 	C:\Windows\System32\bcryptPrimitives.dll
0x00007ff9e2ae0000 - 0x00007ff9e2b05000 	C:\Program Files\Eclipse Adoptium\jdk-17.0.14.7-hotspot\bin\java.dll
0x00007ff9cd550000 - 0x00007ff9cd627000 	C:\Program Files\Eclipse Adoptium\jdk-17.0.14.7-hotspot\bin\jsvml.dll
0x00007ff9f8cd0000 - 0x00007ff9f9412000 	C:\Windows\System32\SHELL32.dll
0x00007ff9f5550000 - 0x00007ff9f5ce1000 	C:\Windows\SYSTEM32\windows.storage.dll
0x00007ff9f9820000 - 0x00007ff9f9b75000 	C:\Windows\System32\combase.dll
0x00007ff9f6db0000 - 0x00007ff9f6ddc000 	C:\Windows\SYSTEM32\Wldp.dll
0x00007ff9f7e30000 - 0x00007ff9f7ede000 	C:\Windows\System32\SHCORE.dll
0x00007ff9f8b90000 - 0x00007ff9f8be5000 	C:\Windows\System32\shlwapi.dll
0x00007ff9f7350000 - 0x00007ff9f736f000 	C:\Windows\SYSTEM32\profapi.dll
0x00007ff9e4a90000 - 0x00007ff9e4aa9000 	C:\Program Files\Eclipse Adoptium\jdk-17.0.14.7-hotspot\bin\net.dll
0x00007ff9ea1a0000 - 0x00007ff9ea2ab000 	C:\Windows\SYSTEM32\WINHTTP.dll
0x00007ff9f6b20000 - 0x00007ff9f6b8a000 	C:\Windows\system32\mswsock.dll
0x00007ff9e29b0000 - 0x00007ff9e29c6000 	C:\Program Files\Eclipse Adoptium\jdk-17.0.14.7-hotspot\bin\nio.dll
0x00007ff9e2950000 - 0x00007ff9e2968000 	C:\Program Files\Eclipse Adoptium\jdk-17.0.14.7-hotspot\bin\zip.dll
0x00007ff9e1fb0000 - 0x00007ff9e1fd4000 	C:\Program Files\Apache\maven\apache-maven-3.9.9\lib\jansi-native\Windows\x86_64\jansi.dll
0x00007ff9e3d30000 - 0x00007ff9e3d40000 	C:\Program Files\Eclipse Adoptium\jdk-17.0.14.7-hotspot\bin\verify.dll
0x00007ff9f4ad0000 - 0x00007ff9f4ade000 	C:\Program Files\Eclipse Adoptium\jdk-17.0.14.7-hotspot\bin\sunmscapi.dll
0x00007ff9f7bd0000 - 0x00007ff9f7d2f000 	C:\Windows\System32\CRYPT32.dll
0x00007ff9f6e20000 - 0x00007ff9f6e47000 	C:\Windows\SYSTEM32\ncrypt.dll
0x00007ff9f6de0000 - 0x00007ff9f6e1b000 	C:\Windows\SYSTEM32\NTASN1.dll
0x00007ff9f6cf0000 - 0x00007ff9f6d08000 	C:\Windows\SYSTEM32\CRYPTSP.dll
0x00007ff9f64c0000 - 0x00007ff9f64f4000 	C:\Windows\system32\rsaenh.dll
0x00007ff9f7860000 - 0x00007ff9f7887000 	C:\Windows\System32\bcrypt.dll
0x00007ff9f7310000 - 0x00007ff9f733e000 	C:\Windows\SYSTEM32\USERENV.dll
0x00007ff9f6d10000 - 0x00007ff9f6d1c000 	C:\Windows\SYSTEM32\CRYPTBASE.dll
0x00007ff9f6810000 - 0x00007ff9f684b000 	C:\Windows\SYSTEM32\IPHLPAPI.DLL
0x00007ff9f7e20000 - 0x00007ff9f7e28000 	C:\Windows\System32\NSI.dll
0x00007ff9ed020000 - 0x00007ff9ed037000 	C:\Windows\SYSTEM32\dhcpcsvc6.DLL
0x00007ff9f0750000 - 0x00007ff9f076d000 	C:\Windows\SYSTEM32\dhcpcsvc.DLL
0x00007ff9f6850000 - 0x00007ff9f691c000 	C:\Windows\SYSTEM32\DNSAPI.dll
0x00007ff9e7fb0000 - 0x00007ff9e7fba000 	C:\Windows\System32\rasadhlp.dll
0x00007ff9e8e60000 - 0x00007ff9e8edf000 	C:\Windows\System32\fwpuclnt.dll
0x00007ff9f1890000 - 0x00007ff9f1899000 	C:\Program Files\Eclipse Adoptium\jdk-17.0.14.7-hotspot\bin\extnet.dll

dbghelp: loaded successfully - version: 4.0.5 - missing functions: none
symbol engine: initialized successfully - sym options: 0x614 - pdb path: .;C:\Program Files\Eclipse Adoptium\jdk-17.0.14.7-hotspot\bin;C:\Windows\SYSTEM32;C:\Windows\WinSxS\amd64_microsoft.windows.common-controls_6595b64144ccf1df_6.0.19041.844_none_ca00b6081b84eb1d;C:\Program Files\Eclipse Adoptium\jdk-17.0.14.7-hotspot\bin\server;C:\Program Files\Apache\maven\apache-maven-3.9.9\lib\jansi-native\Windows\x86_64

VM Arguments:
jvm_args: -Dclassworlds.conf=C:\Program Files\Apache\maven\apache-maven-3.9.9\bin\m2.conf -Dmaven.home=C:\Program Files\Apache\maven\apache-maven-3.9.9 -Dlibrary.jansi.path=C:\Program Files\Apache\maven\apache-maven-3.9.9\lib\jansi-native -Dmaven.multiModuleProjectDirectory=D:\Documents\Prueba Ronald\prueba-back 
java_command: org.codehaus.plexus.classworlds.launcher.Launcher spring-boot:run
java_class_path (initial): C:\Program Files\Apache\maven\apache-maven-3.9.9\boot\plexus-classworlds-2.8.0.jar
Launcher Type: SUN_STANDARD

[Global flags]
     intx CICompilerCount                          = 3                                         {product} {ergonomic}
     uint ConcGCThreads                            = 1                                         {product} {ergonomic}
     uint G1ConcRefinementThreads                  = 4                                         {product} {ergonomic}
   size_t G1HeapRegionSize                         = 1048576                                   {product} {ergonomic}
    uintx GCDrainStackTargetSize                   = 64                                        {product} {ergonomic}
   size_t InitialHeapSize                          = 134217728                                 {product} {ergonomic}
   size_t MarkStackSize                            = 4194304                                   {product} {ergonomic}
   size_t MaxHeapSize                              = 2122317824                                {product} {ergonomic}
   size_t MaxNewSize                               = 1272971264                                {product} {ergonomic}
   size_t MinHeapDeltaBytes                        = 1048576                                   {product} {ergonomic}
   size_t MinHeapSize                              = 8388608                                   {product} {ergonomic}
    uintx NonNMethodCodeHeapSize                   = 5832780                                {pd product} {ergonomic}
    uintx NonProfiledCodeHeapSize                  = 122912730                              {pd product} {ergonomic}
    uintx ProfiledCodeHeapSize                     = 122912730                              {pd product} {ergonomic}
    uintx ReservedCodeCacheSize                    = 251658240                              {pd product} {ergonomic}
     bool SegmentedCodeCache                       = true                                      {product} {ergonomic}
   size_t SoftMaxHeapSize                          = 2122317824                             {manageable} {ergonomic}
     bool UseCompressedClassPointers               = true                           {product lp64_product} {ergonomic}
     bool UseCompressedOops                        = true                           {product lp64_product} {ergonomic}
     bool UseG1GC                                  = true                                      {product} {ergonomic}
     bool UseLargePagesIndividualAllocation        = false                                  {pd product} {ergonomic}

Logging:
Log output configuration:
 #0: stdout all=warning uptime,level,tags
 #1: stderr all=off uptime,level,tags

Environment Variables:
JAVA_HOME=C:\Program Files\Eclipse Adoptium\jdk-17.0.14.7-hotspot
PATH=C:\Program Files\Eclipse Adoptium\jdk-17.0.14.7-hotspot\bin;C:\Program Files (x86)\Common Files\Oracle\Java\javapath;C:\Windows\system32;C:\Windows;C:\Windows\System32\Wbem;C:\Windows\System32\WindowsPowerShell\v1.0\;C:\Windows\System32\OpenSSH\;C:\Program Files\Git\cmd;C:\android-sdk\platforms;C:\android-sdk\platform-tools;C:\Program Files\Microsoft SQL Server\150\Tools\Binn\;C:\Program Files\Microsoft SQL Server\Client SDK\ODBC\170\Tools\Binn\;C:\Program Files\dotnet\;C:\ProgramData\chocolatey\bin;C:\Program Files\MongoDB\Server\8.0\bin;C:\Users\Camilo Zuñiga\AppData\Local\Programs\mongosh\;C:\Users\Camilo Zuñiga\AppData\Roaming\nvm;C:\Users\Camilo Zuñiga\AppData\Roaming\nvm\nodejs;C:\nvm;C:\nodejs;C:\android-sdk\cmdline-tools\latest\bin;C:\android-sdk\platform-tools;C:\android-sdk\tools;C:\gradle-8.1-all\bin;C:\gradle-8.1-all;C:\android-sdk\emulator;C:\Program Files\Apache\maven\apache-maven-3.9.9\bin;C:\Users\Camilo Zuñiga\AppData\Local\Microsoft\WindowsApps;C:\flutter\bin;C:\Users\Camilo Zuñiga\AppData\Local\Programs\Microsoft VS Code\bin;C:\Users\Camilo Zuñiga\.dotnet\tools;C:\Users\Camilo Zuñiga\AppData\Roaming\npm;C:\Users\Camilo Zuñiga\AppData\Local\Programs\mongosh\;C:\nvm;C:\nodejs
USERNAME=Camilo Zuniga
LANG=es_ES.UTF-8
OS=Windows_NT
PROCESSOR_IDENTIFIER=Intel64 Family 6 Model 58 Stepping 9, GenuineIntel
TMP=C:\Users\Camilo Zuñiga\AppData\Local\Temp
TEMP=C:\Users\Camilo Zuñiga\AppData\Local\Temp



Periodic native trim disabled


---------------  S Y S T E M  ---------------

OS:
 Windows 10 , 64 bit Build 19041 (10.0.19041.928)
OS uptime: 0 days 3:13 hours

CPU: total 4 (initial active 4) (2 cores per cpu, 2 threads per core) family 6 model 58 stepping 9 microcode 0x21, cx8, cmov, fxsr, ht, mmx, sse, sse2, sse3, ssse3, sse4.1, sse4.2, popcnt, tsc, tscinvbit, avx, erms, clmul, vzeroupper, clflush
Processor Information for all 4 processors :
  Max Mhz: 1801, Current Mhz: 1801, Mhz Limit: 1801

Memory: 4k page, system-wide physical 8088M (1340M free)
TotalPageFile size 8088M (AvailPageFile size 179M)
current process WorkingSet (physical memory assigned to process): 274M, peak: 286M
current process commit charge ("private bytes"): 297M, peak: 310M

vm_info: OpenJDK 64-Bit Server VM (17.0.14+7) for windows-amd64 JRE (17.0.14+7), built on Jan 21 2025 23:40:15 by "admin" with MS VC++ 17.7 (VS2022)

END.
